<?xml version="1.0" encoding="UTF-8"?>
<!-- Generated by org.testng.reporters.JUnitXMLReporter -->
<testsuite ignored="0" hostname="DESKTOP-VJ8GD4N" failures="0" tests="3" name="Test1" time="122.304" errors="0" timestamp="2024-01-05T20:17:17 IST">
  <testcase classname="com.orange.testCases.BaseClass" name="verifyLogin" time="68.46"/>
  <testcase classname="com.orange.testCases.TC_LOGINTEST" name="verifyLogin" time="4.541"/>
  <testcase classname="com.orange.testCases.TC_LOGINTEST" name="adminbtn" time="20.258"/>
</testsuite> <!-- Test1 -->
