<?xml version="1.0" encoding="UTF-8"?>
<testng-results ignored="0" total="1" passed="1" failed="0" skipped="0">
  <reporter-output>
  </reporter-output>
  <suite started-at="2024-01-04T12:08:55 IST" name="Suite" finished-at="2024-01-04T12:09:39 IST" duration-ms="43705">
    <groups>
    </groups>
    <test started-at="2024-01-04T12:08:55 IST" name="Test" finished-at="2024-01-04T12:09:39 IST" duration-ms="43705">
      <class name="orange.LoginPage">
        <test-method signature="verifyLogin(java.lang.String)[pri:0, instance:orange.LoginPage@6eda5c9]" started-at="2024-01-04T12:08:55 IST" name="verifyLogin" finished-at="2024-01-04T12:09:39 IST" duration-ms="43618" status="PASS">
          <params>
            <param index="0">
              <value>
                <![CDATA[firefox]]>
              </value>
            </param>
          </params>
          <reporter-output>
          </reporter-output>
        </test-method> <!-- verifyLogin -->
      </class> <!-- orange.LoginPage -->
    </test> <!-- Test -->
  </suite> <!-- Suite -->
</testng-results>
