<?xml version="1.0" encoding="UTF-8"?>
<testng-results ignored="0" total="1" passed="1" failed="0" skipped="0">
  <reporter-output>
  </reporter-output>
  <suite started-at="2024-01-05T13:58:36 IST" name="Default suite" finished-at="2024-01-05T13:58:47 IST" duration-ms="11240">
    <groups>
    </groups>
    <test started-at="2024-01-05T13:58:36 IST" name="Default test" finished-at="2024-01-05T13:58:47 IST" duration-ms="11240">
      <class name="orange.LoginPage">
        <test-method signature="verifyLogin(java.lang.String)[pri:0, instance:orange.LoginPage@229c6181]" started-at="2024-01-05T13:58:36 IST" name="verifyLogin" finished-at="2024-01-05T13:58:47 IST" duration-ms="11180" status="PASS">
          <params>
            <param index="0">
              <value>
                <![CDATA[firefox]]>
              </value>
            </param>
          </params>
          <reporter-output>
          </reporter-output>
        </test-method> <!-- verifyLogin -->
      </class> <!-- orange.LoginPage -->
    </test> <!-- Default test -->
  </suite> <!-- Default suite -->
</testng-results>
