<?xml version="1.0" encoding="UTF-8"?>
<testng-results ignored="0" total="2" passed="2" failed="0" skipped="0">
  <reporter-output>
  </reporter-output>
  <suite started-at="2024-01-05T15:11:29 IST" name="Default suite" finished-at="2024-01-05T15:11:56 IST" duration-ms="27020">
    <groups>
    </groups>
    <test started-at="2024-01-05T15:11:29 IST" name="Default test" finished-at="2024-01-05T15:11:56 IST" duration-ms="27020">
      <class name="com.orange.testCases.TC_LOGINTEST">
        <test-method is-config="true" signature="verifyLogin(java.lang.String)[pri:0, instance:com.orange.testCases.TC_LOGINTEST@30c15d8b]" started-at="2024-01-05T15:11:29 IST" name="verifyLogin" finished-at="2024-01-05T15:11:44 IST" duration-ms="14664" status="PASS">
          <params>
            <param index="0">
              <value>
                <![CDATA[chrome]]>
              </value>
            </param>
          </params>
          <reporter-output>
          </reporter-output>
        </test-method> <!-- verifyLogin -->
        <test-method signature="verifyLogin(java.lang.String)[pri:0, instance:com.orange.testCases.TC_LOGINTEST@30c15d8b]" started-at="2024-01-05T15:11:44 IST" name="verifyLogin" finished-at="2024-01-05T15:11:54 IST" duration-ms="10121" status="PASS">
          <params>
            <param index="0">
              <value>
                <![CDATA[chrome]]>
              </value>
            </param>
          </params>
          <reporter-output>
          </reporter-output>
        </test-method> <!-- verifyLogin -->
        <test-method signature="verifyLogin()[pri:0, instance:com.orange.testCases.TC_LOGINTEST@30c15d8b]" started-at="2024-01-05T15:11:54 IST" name="verifyLogin" finished-at="2024-01-05T15:11:56 IST" duration-ms="1723" status="PASS">
          <reporter-output>
          </reporter-output>
        </test-method> <!-- verifyLogin -->
        <test-method is-config="true" signature="tearDown()[pri:0, instance:com.orange.testCases.TC_LOGINTEST@30c15d8b]" started-at="2024-01-05T15:11:56 IST" name="tearDown" finished-at="2024-01-05T15:11:56 IST" duration-ms="437" status="PASS">
          <reporter-output>
          </reporter-output>
        </test-method> <!-- tearDown -->
      </class> <!-- com.orange.testCases.TC_LOGINTEST -->
    </test> <!-- Default test -->
  </suite> <!-- Default suite -->
</testng-results>
